<?xml version="1.0" encoding="UTF-8"?>
<!-- Generated by org.testng.reporters.JUnitXMLReporter -->
<testsuite ignored="0" hostname="LGVN-DEV-001" failures="0" tests="3" name="FirstTest" time="66.445" errors="0" timestamp="2022-10-10T16:03:25 ICT">
  <testcase classname="TestAuto.OpenWebsite2" name="Login" time="7.199"/>
  <testcase classname="TestAuto.OpenWebsite2" name="TransferFund" time="23.796"/>
  <testcase classname="TestAuto.OpenWebsite2" name="TransferResult" time="5.051"/>
</testsuite> <!-- FirstTest -->
