<?xml version="1.0" encoding="UTF-8"?>
<testng-results ignored="0" total="3" passed="3" failed="0" skipped="0">
  <reporter-output>
  </reporter-output>
  <suite started-at="2022-10-10T16:02:19 ICT" name="Suite" finished-at="2022-10-10T16:03:25 ICT" duration-ms="66445">
    <groups>
    </groups>
    <test started-at="2022-10-10T16:02:19 ICT" name="FirstTest" finished-at="2022-10-10T16:03:25 ICT" duration-ms="66445">
      <class name="TestAuto.OpenWebsite2">
        <test-method is-config="true" signature="SetUp()[pri:0, instance:TestAuto.OpenWebsite2@378542de]" started-at="2022-10-10T16:02:19 ICT" name="SetUp" finished-at="2022-10-10T16:02:28 ICT" duration-ms="9115" status="PASS">
          <reporter-output>
          </reporter-output>
        </test-method> <!-- SetUp -->
        <test-method signature="Login()[pri:0, instance:TestAuto.OpenWebsite2@378542de]" started-at="2022-10-10T16:02:28 ICT" name="Login" finished-at="2022-10-10T16:02:35 ICT" duration-ms="7199" status="PASS">
          <reporter-output>
          </reporter-output>
        </test-method> <!-- Login -->
        <test-method signature="TransferFund()[pri:0, instance:TestAuto.OpenWebsite2@378542de]" started-at="2022-10-10T16:02:35 ICT" name="TransferFund" finished-at="2022-10-10T16:02:59 ICT" duration-ms="23796" status="PASS">
          <reporter-output>
          </reporter-output>
        </test-method> <!-- TransferFund -->
        <test-method signature="TransferResult()[pri:0, instance:TestAuto.OpenWebsite2@378542de]" started-at="2022-10-10T16:02:59 ICT" name="TransferResult" finished-at="2022-10-10T16:03:04 ICT" duration-ms="5051" status="PASS">
          <reporter-output>
          </reporter-output>
        </test-method> <!-- TransferResult -->
        <test-method is-config="true" signature="Close()[pri:0, instance:TestAuto.OpenWebsite2@378542de]" started-at="2022-10-10T16:03:04 ICT" name="Close" finished-at="2022-10-10T16:03:25 ICT" duration-ms="21258" status="PASS">
          <reporter-output>
          </reporter-output>
        </test-method> <!-- Close -->
      </class> <!-- TestAuto.OpenWebsite2 -->
    </test> <!-- FirstTest -->
  </suite> <!-- Suite -->
</testng-results>
